#
# A fatal error has been detected by the Java Runtime Environment:
#
#  EXCEPTION_STACK_OVERFLOW (0xc00000fd) at pc=0x000000006a2e91e7, pid=9888, tid=0x0000000000001614
#
# JRE version: OpenJDK Runtime Environment (8.0_282-b08) (build 1.8.0_282-b08)
# Java VM: OpenJDK 64-Bit Server VM (25.282-b08 mixed mode windows-amd64 compressed oops)
# Problematic frame:
# V  [jvm.dll+0x1f91e7]
#
# Failed to write core dump. Minidumps are not enabled by default on client versions of Windows
#
# If you would like to submit a bug report, please visit:
#   http://bugreport.java.com/bugreport/crash.jsp
#

---------------  T H R E A D  ---------------

Current thread (0x00000000153ca800):  JavaThread "pool-1-thread-1" [_thread_in_vm, id=5652, stack(0x0000000016390000,0x0000000016490000)]

siginfo: ExceptionCode=0xc00000fd, ExceptionInformation=0x0000000000000001 0x000000001648a410 

Registers:
RAX=0x000000001648a410, RBX=0x0000000000000006, RCX=0x0000000000005000, RDX=0x0000000000000006
RSP=0x000000001648f410, RBP=0x0000000000000000, RSI=0x000000001648f410, RDI=0x0000000000000006
R8 =0x0000000000000006, R9 =0x00000000153f64b0, R10=0x00000000122fe800, R11=0x000000001639a148
R12=0x00000000ffffffff, R13=0x00000000153ca800, R14=0x00000000153ca800, R15=0x00000000122fe800
RIP=0x000000006a2e91e7, EFLAGS=0x0000000000010202

Top of Stack: (sp=0x000000001648f410)
0x000000001648f410:   000000001648f530 0000000100006c48
0x000000001648f420:   00000000153ca800 00000000ffffffff
0x000000001648f430:   000000001648f4d8 000000006a2ea1c7
0x000000001648f440:   000000001648f540 00000000153f64b0
0x000000001648f450:   00000000122fe800 000000006a18f803
0x000000001648f460:   000000001648f4a0 00000000153ca800
0x000000001648f470:   000000001648f530 00000000153ca800
0x000000001648f480:   00000000122fe800 00000000153ca800
0x000000001648f490:   0000000002923920 00000000153ca800
0x000000001648f4a0:   00000000122fe800 00000000153ca800
0x000000001648f4b0:   00000000122fe800 00000000153ca800
0x000000001648f4c0:   0000000000000001 00000000122fe800
0x000000001648f4d0:   00000000153ca800 0000000014c1af60
0x000000001648f4e0:   00000000153ca800 000000006a190f6d
0x000000001648f4f0:   000000001648f7f8 0000000100006c48
0x000000001648f500:   0000000100006c48 0000000000000000 

Instructions: (pc=0x000000006a2e91e7)
0x000000006a2e91c7:   48 89 6c 24 30 33 ed 66 90 e8 fb 98 08 00 ff c3
0x000000006a2e91d7:   48 63 c8 48 8b c6 48 0f af cf 48 ff c7 48 2b c1
0x000000006a2e91e7:   89 28 48 63 c3 48 3b 05 25 25 5b 00 7e db 48 8b
0x000000006a2e91f7:   6c 24 30 48 8b 5c 24 38 48 8b 74 24 40 48 83 c4 


Register to memory mapping:

RAX=0x000000001648a410 is pointing into the stack for thread: 0x00000000153ca800
RBX=0x0000000000000006 is an unknown value
RCX=0x0000000000005000 is an unknown value
RDX=0x0000000000000006 is an unknown value
RSP=0x000000001648f410 is pointing into the stack for thread: 0x00000000153ca800
RBP=0x0000000000000000 is an unknown value
RSI=0x000000001648f410 is pointing into the stack for thread: 0x00000000153ca800
RDI=0x0000000000000006 is an unknown value
R8 =0x0000000000000006 is an unknown value
R9 =0x00000000153f64b0 is an unknown value
R10={method} {0x00000000122fe808} 'run' '()V' in 'java/lang/Thread'
R11=0x000000001639a148 is pointing into the stack for thread: 0x00000000153ca800
R12=0x00000000ffffffff is an unknown value
R13=0x00000000153ca800 is a thread
R14=0x00000000153ca800 is a thread
R15={method} {0x00000000122fe808} 'run' '()V' in 'java/lang/Thread'


Stack: [0x0000000016390000,0x0000000016490000],  sp=0x000000001648f410,  free space=1021k
Native frames: (J=compiled Java code, j=interpreted, Vv=VM code, C=native code)


---------------  P R O C E S S  ---------------

Java Threads: ( => current thread )
=>0x00000000153ca800 JavaThread "pool-1-thread-1" [_thread_in_vm, id=5652, stack(0x0000000016390000,0x0000000016490000)]
  0x00000000145e8800 JavaThread "Service Thread" daemon [_thread_blocked, id=1228, stack(0x00000000149c0000,0x0000000014ac0000)]
  0x0000000012c7f800 JavaThread "C1 CompilerThread2" daemon [_thread_blocked, id=12184, stack(0x00000000144c0000,0x00000000145c0000)]
  0x0000000012c7f000 JavaThread "C2 CompilerThread1" daemon [_thread_blocked, id=9140, stack(0x00000000143c0000,0x00000000144c0000)]
  0x0000000012c82000 JavaThread "C2 CompilerThread0" daemon [_thread_blocked, id=10148, stack(0x00000000142c0000,0x00000000143c0000)]
  0x0000000012c75000 JavaThread "Attach Listener" daemon [_thread_blocked, id=3748, stack(0x00000000141c0000,0x00000000142c0000)]
  0x0000000012c74000 JavaThread "Signal Dispatcher" daemon [_thread_blocked, id=9852, stack(0x00000000140c0000,0x00000000141c0000)]
  0x000000000290d000 JavaThread "Finalizer" daemon [_thread_blocked, id=12192, stack(0x0000000013ec0000,0x0000000013fc0000)]
  0x0000000002906000 JavaThread "Reference Handler" daemon [_thread_blocked, id=7160, stack(0x0000000013dc0000,0x0000000013ec0000)]
  0x000000000279e800 JavaThread "main" [_thread_blocked, id=1632, stack(0x0000000002620000,0x0000000002720000)]

Other Threads:
  0x0000000012c37000 VMThread [stack: 0x0000000013cc0000,0x0000000013dc0000] [id=13300]
  0x0000000012cce800 WatcherThread [stack: 0x0000000014ac0000,0x0000000014bc0000] [id=12752]

VM state:synchronizing (normal execution)

VM Mutex/Monitor currently owned by a thread:  ([mutex/lock_event])
[0x000000000279d970] Threads_lock - owner thread: 0x0000000012c37000
[0x000000000279def0] Heap_lock - owner thread: 0x000000000279e800

heap address: 0x00000000fc000000, size: 64 MB, Compressed Oops mode: 32-bit
Narrow klass base: 0x0000000000000000, Narrow klass shift: 3
Compressed class space size: 1073741824 Address: 0x0000000100000000

Heap:
 PSYoungGen      total 18944K, used 18761K [0x00000000feb00000, 0x0000000100000000, 0x0000000100000000)
  eden space 16384K, 100% used [0x00000000feb00000,0x00000000ffb00000,0x00000000ffb00000)
  from space 2560K, 92% used [0x00000000ffb00000,0x00000000ffd52528,0x00000000ffd80000)
  to   space 2560K, 0% used [0x00000000ffd80000,0x00000000ffd80000,0x0000000100000000)
 ParOldGen       total 44032K, used 16K [0x00000000fc000000, 0x00000000feb00000, 0x00000000feb00000)
  object space 44032K, 0% used [0x00000000fc000000,0x00000000fc004000,0x00000000feb00000)
 Metaspace       used 8862K, capacity 9158K, committed 9344K, reserved 1056768K
  class space    used 1174K, capacity 1311K, committed 1408K, reserved 1048576K

Card table byte_map: [0x0000000002740000,0x0000000002770000] byte_map_base: 0x0000000001f60000

Marking Bits: (ParMarkBitMap*) 0x000000006a903420
 Begin Bits: [0x00000000120d0000, 0x00000000121d0000)
 End Bits:   [0x00000000121d0000, 0x00000000122d0000)

Polling page: 0x0000000000a40000

CodeCache: size=245760Kb used=3068Kb max_used=3079Kb free=242691Kb
 bounds [0x0000000002910000, 0x0000000002c20000, 0x0000000011910000]
 total_blobs=1104 nmethods=781 adapters=236
 compilation: enabled

Compilation events (10 events):
Event: 0.940 Thread 0x0000000012c7f800 nmethod 779 0x0000000002c0d7d0 code [0x0000000002c0d980, 0x0000000002c0dfb8]
Event: 0.940 Thread 0x0000000012c7f800  780       1       java.util.Hashtable$Entry::getKey (5 bytes)
Event: 0.941 Thread 0x0000000012c7f800 nmethod 780 0x0000000002c10e90 code [0x0000000002c10fe0, 0x0000000002c110f0]
Event: 0.941 Thread 0x0000000012c7f800  781       1       java.util.Hashtable$Entry::getValue (5 bytes)
Event: 0.941 Thread 0x0000000012c7f000 nmethod 778 0x0000000002c11150 code [0x0000000002c11280, 0x0000000002c11358]
Event: 0.941 Thread 0x0000000012c7f800 nmethod 781 0x0000000002c10bd0 code [0x0000000002c10d20, 0x0000000002c10e30]
Event: 0.941 Thread 0x0000000012c7f800  777       1       org.gradle.cli.CommandLineOption::getOptions (5 bytes)
Event: 0.941 Thread 0x0000000012c7f800 nmethod 777 0x0000000002c10910 code [0x0000000002c10a60, 0x0000000002c10b70]
Event: 0.967 Thread 0x0000000012c82000  782       4       java.lang.CharacterDataLatin1::toUpperCase (53 bytes)
Event: 0.968 Thread 0x0000000012c82000 nmethod 782 0x0000000002c0f050 code [0x0000000002c0f180, 0x0000000002c0f258]

GC Heap History (2 events):
Event: 0.561 GC heap before
{Heap before GC invocations=1 (full 0):
 PSYoungGen      total 18944K, used 16384K [0x00000000feb00000, 0x0000000100000000, 0x0000000100000000)
  eden space 16384K, 100% used [0x00000000feb00000,0x00000000ffb00000,0x00000000ffb00000)
  from space 2560K, 0% used [0x00000000ffd80000,0x00000000ffd80000,0x0000000100000000)
  to   space 2560K, 0% used [0x00000000ffb00000,0x00000000ffb00000,0x00000000ffd80000)
 ParOldGen       total 44032K, used 0K [0x00000000fc000000, 0x00000000feb00000, 0x00000000feb00000)
  object space 44032K, 0% used [0x00000000fc000000,0x00000000fc000000,0x00000000feb00000)
 Metaspace       used 6018K, capacity 6270K, committed 6528K, reserved 1056768K
  class space    used 718K, capacity 813K, committed 896K, reserved 1048576K
Event: 0.564 GC heap after
Heap after GC invocations=1 (full 0):
 PSYoungGen      total 18944K, used 2377K [0x00000000feb00000, 0x0000000100000000, 0x0000000100000000)
  eden space 16384K, 0% used [0x00000000feb00000,0x00000000feb00000,0x00000000ffb00000)
  from space 2560K, 92% used [0x00000000ffb00000,0x00000000ffd52528,0x00000000ffd80000)
  to   space 2560K, 0% used [0x00000000ffd80000,0x00000000ffd80000,0x0000000100000000)
 ParOldGen       total 44032K, used 16K [0x00000000fc000000, 0x00000000feb00000, 0x00000000feb00000)
  object space 44032K, 0% used [0x00000000fc000000,0x00000000fc004000,0x00000000feb00000)
 Metaspace       used 6018K, capacity 6270K, committed 6528K, reserved 1056768K
  class space    used 718K, capacity 813K, committed 896K, reserved 1048576K
}

Deoptimization events (6 events):
Event: 0.579 Thread 0x000000000279e800 Uncommon trap: reason=unstable_if action=reinterpret pc=0x0000000002b08714 method=java.lang.String.indexOf([CII[CIII)I @ 3
Event: 0.662 Thread 0x000000000279e800 Uncommon trap: reason=unstable_if action=reinterpret pc=0x0000000002aecbc0 method=java.util.regex.Matcher.reset()Ljava/util/regex/Matcher; @ 47
Event: 0.662 Thread 0x000000000279e800 Uncommon trap: reason=class_check action=maybe_recompile pc=0x0000000002ae84e8 method=java.util.regex.Matcher.match(II)Z @ 86
Event: 0.662 Thread 0x000000000279e800 Uncommon trap: reason=class_check action=maybe_recompile pc=0x0000000002ae84e8 method=java.util.regex.Matcher.match(II)Z @ 86
Event: 0.662 Thread 0x000000000279e800 Uncommon trap: reason=class_check action=maybe_recompile pc=0x0000000002ae84e8 method=java.util.regex.Matcher.match(II)Z @ 86
Event: 0.662 Thread 0x000000000279e800 Uncommon trap: reason=class_check action=maybe_recompile pc=0x0000000002ae84e8 method=java.util.regex.Matcher.match(II)Z @ 86

Classes redefined (0 events):
No events

Internal exceptions (10 events):
Event: 0.421 Thread 0x000000000279e800 Exception <a 'java/security/PrivilegedActionException'> (0x00000000ff5b0c58) thrown at [C:\cygwin64\tmp\build\source\java-1.8.0-openjdk\tmp\jdk8u\hotspot\src\share\vm\prims\jvm.cpp, line 1523]
Event: 0.421 Thread 0x000000000279e800 Exception <a 'java/security/PrivilegedActionException'> (0x00000000ff5b0e68) thrown at [C:\cygwin64\tmp\build\source\java-1.8.0-openjdk\tmp\jdk8u\hotspot\src\share\vm\prims\jvm.cpp, line 1523]
Event: 0.676 Thread 0x000000000279e800 Exception <a 'java/lang/ArrayIndexOutOfBoundsException': 18> (0x00000000fef1e058) thrown at [C:\cygwin64\tmp\build\source\java-1.8.0-openjdk\tmp\jdk8u\hotspot\src\share\vm\interpreter\interpreterRuntime.cpp, line 368]
Event: 0.677 Thread 0x000000000279e800 Exception <a 'java/lang/ArrayIndexOutOfBoundsException': 101> (0x00000000fef1f4e0) thrown at [C:\cygwin64\tmp\build\source\java-1.8.0-openjdk\tmp\jdk8u\hotspot\src\share\vm\interpreter\interpreterRuntime.cpp, line 368]
Event: 0.678 Thread 0x000000000279e800 Exception <a 'java/lang/ArrayIndexOutOfBoundsException': 40> (0x00000000fef20550) thrown at [C:\cygwin64\tmp\build\source\java-1.8.0-openjdk\tmp\jdk8u\hotspot\src\share\vm\interpreter\interpreterRuntime.cpp, line 368]
Event: 0.711 Thread 0x000000000279e800 Exception <a 'java/lang/NoClassDefFoundError': org/slf4j/impl/StaticMarkerBinder> (0x00000000fefd6678) thrown at [C:\cygwin64\tmp\build\source\java-1.8.0-openjdk\tmp\jdk8u\hotspot\src\share\vm\classfile\systemDictionary.cpp, line 206]
Event: 0.838 Thread 0x000000000279e800 Exception <a 'java/lang/ArrayIndexOutOfBoundsException'> (0x00000000ff5dffb0) thrown at [C:\cygwin64\tmp\build\source\java-1.8.0-openjdk\tmp\jdk8u\hotspot\src\share\vm\runtime\sharedRuntime.cpp, line 605]
Event: 0.840 Thread 0x000000000279e800 Exception <a 'java/lang/ArrayIndexOutOfBoundsException'> (0x00000000ff5f45e0) thrown at [C:\cygwin64\tmp\build\source\java-1.8.0-openjdk\tmp\jdk8u\hotspot\src\share\vm\runtime\sharedRuntime.cpp, line 605]
Event: 0.840 Thread 0x000000000279e800 Exception <a 'java/lang/ArrayIndexOutOfBoundsException'> (0x00000000ff5f6218) thrown at [C:\cygwin64\tmp\build\source\java-1.8.0-openjdk\tmp\jdk8u\hotspot\src\share\vm\runtime\sharedRuntime.cpp, line 605]
Event: 0.866 Thread 0x000000000279e800 Exception <a 'java/lang/NoSuchMethodError': java.lang.Object.lambda$static$0(Lorg/gradle/internal/state/ModelObject;)Ljava/lang/String;> (0x00000000ff7e5430) thrown at [C:\cygwin64\tmp\build\source\java-1.8.0-openjdk\tmp\jdk8u\hotspot\src\share\vm\interpr

Events (10 events):
Event: 0.971 loading class org/gradle/api/internal/provider/ProviderInternal done
Event: 0.971 loading class org/gradle/api/internal/provider/ValueSupplier
Event: 0.971 loading class org/gradle/api/internal/provider/ValueSupplier done
Event: 0.972 loading class org/gradle/api/internal/provider/HasConfigurableValueInternal
Event: 0.972 loading class org/gradle/api/internal/provider/HasConfigurableValueInternal done
Event: 0.972 loading class org/gradle/internal/state/OwnerAware
Event: 0.972 loading class org/gradle/internal/state/OwnerAware done
Event: 0.972 loading class org/gradle/api/internal/provider/AbstractMinimalProvider
Event: 0.972 loading class org/gradle/api/internal/provider/AbstractMinimalProvider done
Event: 0.973 Executing VM operation: ParallelGCFailedAllocation


Dynamic libraries:
0x00007ff69b960000 - 0x00007ff69b995000 	C:\Program Files\OpenJDK\openjdk-8u282-b08\bin\java.exe
0x00007ffd25190000 - 0x00007ffd25385000 	C:\Windows\SYSTEM32\ntdll.dll
0x00007ffd24390000 - 0x00007ffd2444d000 	C:\Windows\System32\KERNEL32.DLL
0x00007ffd22ae0000 - 0x00007ffd22da9000 	C:\Windows\System32\KERNELBASE.dll
0x00007ffd231f0000 - 0x00007ffd2329c000 	C:\Windows\System32\ADVAPI32.dll
0x00007ffd24450000 - 0x00007ffd244ee000 	C:\Windows\System32\msvcrt.dll
0x00007ffd248b0000 - 0x00007ffd2494c000 	C:\Windows\System32\sechost.dll
0x00007ffd23aa0000 - 0x00007ffd23bcb000 	C:\Windows\System32\RPCRT4.dll
0x00007ffd23bd0000 - 0x00007ffd23d70000 	C:\Windows\System32\USER32.dll
0x00007ffd22e10000 - 0x00007ffd22e32000 	C:\Windows\System32\win32u.dll
0x00007ffd23830000 - 0x00007ffd2385a000 	C:\Windows\System32\GDI32.dll
0x00007ffd23060000 - 0x00007ffd2316b000 	C:\Windows\System32\gdi32full.dll
0x00007ffd22f70000 - 0x00007ffd2300d000 	C:\Windows\System32\msvcp_win.dll
0x00007ffd22e70000 - 0x00007ffd22f70000 	C:\Windows\System32\ucrtbase.dll
0x00007ffd165e0000 - 0x00007ffd1687a000 	C:\Windows\WinSxS\amd64_microsoft.windows.common-controls_6595b64144ccf1df_6.0.19041.844_none_ca00b6081b84eb1d\COMCTL32.dll
0x00007ffd23800000 - 0x00007ffd23830000 	C:\Windows\System32\IMM32.DLL
0x000000006a990000 - 0x000000006aa62000 	C:\Program Files\OpenJDK\openjdk-8u282-b08\jre\bin\msvcr100.dll
0x000000006a0f0000 - 0x000000006a985000 	C:\Program Files\OpenJDK\openjdk-8u282-b08\jre\bin\server\jvm.dll
0x00007ffd238e0000 - 0x00007ffd238e8000 	C:\Windows\System32\PSAPI.DLL
0x00007ffd17fd0000 - 0x00007ffd17fda000 	C:\Windows\SYSTEM32\VERSION.dll
0x00007ffd17fa0000 - 0x00007ffd17fc7000 	C:\Windows\SYSTEM32\WINMM.dll
0x00007ffd1e2e0000 - 0x00007ffd1e2e9000 	C:\Windows\SYSTEM32\WSOCK32.dll
0x00007ffd23870000 - 0x00007ffd238db000 	C:\Windows\System32\WS2_32.dll
0x00007ffd1c070000 - 0x00007ffd1c07f000 	C:\Program Files\OpenJDK\openjdk-8u282-b08\jre\bin\verify.dll
0x00007ffd0c690000 - 0x00007ffd0c6b9000 	C:\Program Files\OpenJDK\openjdk-8u282-b08\jre\bin\java.dll
0x00007ffd14d90000 - 0x00007ffd14da6000 	C:\Program Files\OpenJDK\openjdk-8u282-b08\jre\bin\zip.dll
0x00007ffd24950000 - 0x00007ffd25092000 	C:\Windows\System32\SHELL32.dll
0x00007ffd20a30000 - 0x00007ffd211c0000 	C:\Windows\SYSTEM32\windows.storage.dll
0x00007ffd23e80000 - 0x00007ffd241d5000 	C:\Windows\System32\combase.dll
0x00007ffd22340000 - 0x00007ffd2236c000 	C:\Windows\SYSTEM32\Wldp.dll
0x00007ffd250a0000 - 0x00007ffd2514e000 	C:\Windows\System32\SHCORE.dll
0x00007ffd23e20000 - 0x00007ffd23e75000 	C:\Windows\System32\shlwapi.dll
0x00007ffd22810000 - 0x00007ffd2282f000 	C:\Windows\SYSTEM32\profapi.dll
0x00007ffd0e6f0000 - 0x00007ffd0e70b000 	C:\Program Files\OpenJDK\openjdk-8u282-b08\jre\bin\net.dll
0x00007ffd220c0000 - 0x00007ffd2212a000 	C:\Windows\system32\mswsock.dll
0x00007ffd0cbf0000 - 0x00007ffd0cc02000 	C:\Program Files\OpenJDK\openjdk-8u282-b08\jre\bin\nio.dll
0x00007ffd0c660000 - 0x00007ffd0c686000 	C:\Users\PC\.gradle\native\fdc75f09e3144964f2cf3f50f0aa648679c211496f362492102eb8c894070792\windows-amd64\native-platform.dll
0x00007ffd0c3a0000 - 0x00007ffd0c531000 	C:\Users\PC\.gradle\native\12488b8bf47d2d4c9fbf2f6322a914ad602e24e48041cd04a747c6da556b65c4\windows-amd64\native-platform-file-events.dll
0x00007ffd1e400000 - 0x00007ffd1e40a000 	C:\Users\PC\.gradle\native\jansi\1.18\windows64\jansi.dll
0x00007ffd147e0000 - 0x00007ffd149c4000 	C:\Windows\SYSTEM32\dbghelp.dll
0x00007ffd23170000 - 0x00007ffd231f0000 	C:\Windows\System32\bcryptPrimitives.dll

VM Arguments:
jvm_args: -Xmx64m -Xms64m -Dorg.gradle.appname=gradlew 
java_command: org.gradle.wrapper.GradleWrapperMain clean
java_class_path (initial): C:\Users\PC\Desktop\Mobile App\zakar\android\\gradle\wrapper\gradle-wrapper.jar
Launcher Type: SUN_STANDARD

Environment Variables:
JAVA_HOME=C:\Program Files\OpenJDK\openjdk-8u282-b08
CLASSPATH=C:\Users\PC\Desktop\Mobile App\zakar\android\\gradle\wrapper\gradle-wrapper.jar
PATH=C:\Python27\;C:\Python27\Scripts;C:\Windows\system32;C:\Windows;C:\Windows\System32\Wbem;C:\Windows\System32\WindowsPowerShell\v1.0\;C:\Windows\System32\OpenSSH\;C:\Program Files\Git\cmd;C:\ProgramData\chocolatey\bin;C:\Program Files\OpenJDK\openjdk-8u282-b08\bin;C:\Program Files\nodejs\;C:\Users\PC\AppData\Local\Android\Sdk\platform-tools;C:\scrcpy-win64-v1.17;C:\Users\PC\AppData\Local\Microsoft\WindowsApps;;C:\Users\PC\AppData\Local\Programs\Microsoft VS Code\bin;C:\Users\PC\AppData\Roaming\npm
USERNAME=PC
OS=Windows_NT
PROCESSOR_IDENTIFIER=Intel64 Family 6 Model 69 Stepping 1, GenuineIntel



---------------  S Y S T E M  ---------------

OS: Windows 10.0 , 64 bit Build 19041 (10.0.19041.804)

CPU:total 4 (initial active 4) (2 cores per cpu, 2 threads per core) family 6 model 69 stepping 1, cmov, cx8, fxsr, mmx, sse, sse2, sse3, ssse3, sse4.1, sse4.2, popcnt, avx, avx2, aes, clmul, erms, lzcnt, ht, tsc, tscinvbit, bmi1, bmi2

Memory: 4k page, physical 8291596k(1275460k free), swap 20438024k(350744k free)

vm_info: OpenJDK 64-Bit Server VM (25.282-b08) for windows-amd64 JRE (1.8.0_282-b08), built on Jan 11 2021 12:17:07 by "build" with MS VC++ 10.0 (VS2010)

time: Thu Apr 01 17:03:00 2021
timezone: GMT Summer Time
elapsed time: 1.383934 seconds (0d 0h 0m 1s)

